<?xml version="1.0" encoding="UTF-8"?>
<testng-results skipped="0" failed="0" ignored="0" total="1" passed="1">
  <reporter-output>
  </reporter-output>
  <suite name="Default suite" duration-ms="37" started-at="2022-11-04T12:03:01Z" finished-at="2022-11-04T12:03:01Z">
    <groups>
    </groups>
    <test name="Default test" duration-ms="37" started-at="2022-11-04T12:03:01Z" finished-at="2022-11-04T12:03:01Z">
      <class name="Demo.Demo1">
        <test-method status="PASS" signature="test1()[pri:0, instance:Demo.Demo1@56f4468b]" name="test1" duration-ms="8" started-at="2022-11-04T12:03:01Z" finished-at="2022-11-04T12:03:01Z">
          <reporter-output>
          </reporter-output>
        </test-method> <!-- test1 -->
      </class> <!-- Demo.Demo1 -->
    </test> <!-- Default test -->
  </suite> <!-- Default suite -->
</testng-results>
